{"E:\\ScreenShoot\\autoTest\\math.js": {"path":"E:\\ScreenShoot\\autoTest\\math.js","statementMap":{"0":{"start":{"line":3,"column":4},"end":{"line":3,"column":16}},"1":{"start":{"line":7,"column":4},"end":{"line":7,"column":16}},"2":{"start":{"line":11,"column":4},"end":{"line":11,"column":16}},"3":{"start":{"line":14,"column":0},"end":{"line":23,"column":1}},"4":{"start":{"line":15,"column":4},"end":{"line":19,"column":5}}},"fnMap":{"0":{"name":"add","decl":{"start":{"line":2,"column":9},"end":{"line":2,"column":12}},"loc":{"start":{"line":2,"column":17},"end":{"line":4,"column":1}},"line":2},"1":{"name":"minus","decl":{"start":{"line":6,"column":9},"end":{"line":6,"column":14}},"loc":{"start":{"line":6,"column":19},"end":{"line":8,"column":1}},"line":6},"2":{"name":"muti","decl":{"start":{"line":10,"column":9},"end":{"line":10,"column":13}},"loc":{"start":{"line":10,"column":18},"end":{"line":12,"column":1}},"line":10}},"branchMap":{},"s":{"0":1,"1":1,"2":1,"3":1,"4":1},"f":{"0":1,"1":1,"2":1},"b":{},"_coverageSchema":"43e27e138ebf9cfc5966b082cf9a028302ed4184","hash":"964e9a8ff33ad81c3b831e3cfbdbf2fb975d987c"}
}
